<?xml version="1.0" encoding="UTF-8"?>
<coverage generated="1647768905457" clover="3.2.0">
  <project timestamp="1647768905457" name="All files">
    <metrics statements="12" coveredstatements="8" conditionals="0" coveredconditionals="0" methods="3" coveredmethods="3" elements="15" coveredelements="11" complexity="0" loc="12" ncloc="12" packages="1" files="3" classes="3"/>
    <file name="App.tsx" path="/Users/vishalrajole/Code/react-typescript-skeleton/src/App.tsx">
      <metrics statements="1" coveredstatements="1" conditionals="0" coveredconditionals="0" methods="1" coveredmethods="1"/>
      <line num="1" count="1" type="stmt"/>
    </file>
    <file name="index.tsx" path="/Users/vishalrajole/Code/react-typescript-skeleton/src/index.tsx">
      <metrics statements="4" coveredstatements="0" conditionals="0" coveredconditionals="0" methods="0" coveredmethods="0"/>
      <line num="1" count="0" type="stmt"/>
      <line num="2" count="0" type="stmt"/>
      <line num="3" count="0" type="stmt"/>
      <line num="5" count="0" type="stmt"/>
    </file>
    <file name="test-utils.tsx" path="/Users/vishalrajole/Code/react-typescript-skeleton/src/test-utils.tsx">
      <metrics statements="7" coveredstatements="7" conditionals="0" coveredconditionals="0" methods="2" coveredmethods="2"/>
      <line num="2" count="1" type="stmt"/>
      <line num="4" count="1" type="stmt"/>
      <line num="5" count="1" type="stmt"/>
      <line num="8" count="1" type="stmt"/>
      <line num="11" count="1" type="stmt"/>
      <line num="13" count="1" type="stmt"/>
      <line num="14" count="1" type="stmt"/>
    </file>
  </project>
</coverage>
