{"/Users/vishalrajole/Code/react-typescript-skeleton/src/App.tsx": {"path":"/Users/vishalrajole/Code/react-typescript-skeleton/src/App.tsx","statementMap":{"0":{"start":{"line":1,"column":19},"end":{"line":1,"column":58}},"1":{"start":{"line":1,"column":25},"end":{"line":1,"column":58}},"2":{"start":{"line":1,"column":13},"end":{"line":1,"column":19}}},"fnMap":{"0":{"name":"(anonymous_0)","decl":{"start":{"line":1,"column":19},"end":{"line":1,"column":22}},"loc":{"start":{"line":1,"column":25},"end":{"line":1,"column":58}}}},"branchMap":{},"s":{"0":1,"1":1,"2":1},"f":{"0":1},"b":{}}
,"/Users/vishalrajole/Code/react-typescript-skeleton/src/index.tsx": {"path":"/Users/vishalrajole/Code/react-typescript-skeleton/src/index.tsx","statementMap":{"0":{"start":{"line":1,"column":0},"end":{"line":1,"column":26}},"1":{"start":{"line":2,"column":0},"end":{"line":2,"column":33}},"2":{"start":{"line":3,"column":0},"end":{"line":3,"column":28}},"3":{"start":{"line":5,"column":0},"end":{"line":10,"column":2}}},"fnMap":{},"branchMap":{},"s":{"0":0,"1":0,"2":0,"3":0},"f":{},"b":{}}
,"/Users/vishalrajole/Code/react-typescript-skeleton/src/test-utils.tsx": {"path":"/Users/vishalrajole/Code/react-typescript-skeleton/src/test-utils.tsx","statementMap":{"0":{"start":{"line":2,"column":0},"end":{"line":2,"column":63}},"1":{"start":{"line":4,"column":28},"end":{"line":6,"column":1}},"2":{"start":{"line":5,"column":2},"end":{"line":5,"column":25}},"3":{"start":{"line":8,"column":21},"end":{"line":11,"column":57}},"4":{"start":{"line":11,"column":5},"end":{"line":11,"column":57}},"5":{"start":{"line":14,"column":25},"end":{"line":14,"column":31}},"6":{"start":{"line":13,"column":0},"end":{"line":13,"column":39}}},"fnMap":{"0":{"name":"(anonymous_4)","decl":{"start":{"line":4,"column":28},"end":{"line":4,"column":29}},"loc":{"start":{"line":4,"column":45},"end":{"line":6,"column":1}}},"1":{"name":"(anonymous_5)","decl":{"start":{"line":8,"column":21},"end":{"line":8,"column":null}},"loc":{"start":{"line":11,"column":5},"end":{"line":11,"column":57}}}},"branchMap":{},"s":{"0":1,"1":1,"2":1,"3":1,"4":1,"5":1,"6":1},"f":{"0":1,"1":1},"b":{}}
}
